<?xml version="1.0" encoding="UTF-8"?>
<testsuite xmlns:xsi="http://www.w3.org/2001/XMLSchema-instance" xsi:noNamespaceSchemaLocation="https://maven.apache.org/surefire/maven-surefire-plugin/xsd/surefire-test-report.xsd" name="de.towers_web.itemmanagement.ItemManagementApplicationTests" time="3.325" tests="1" errors="0" skipped="0" failures="0">
  <properties>
    <property name="sun.desktop" value="windows"/>
    <property name="awt.toolkit" value="sun.awt.windows.WToolkit"/>
    <property name="file.encoding.pkg" value="sun.io"/>
    <property name="java.specification.version" value="1.8"/>
    <property name="sun.cpu.isalist" value="amd64"/>
    <property name="sun.jnu.encoding" value="Cp1252"/>
    <property name="java.class.path" value="C:\Users\FXXIP4H\OneDrive - Volkswagen AG\software development\IdeaProjects\item-management\target\test-classes;C:\Users\FXXIP4H\OneDrive - Volkswagen AG\software development\IdeaProjects\item-management\target\classes;C:\Users\FXXIP4H\.m2\local-maven-artifactory\org\springframework\boot\spring-boot-starter\2.4.3\spring-boot-starter-2.4.3.jar;C:\Users\FXXIP4H\.m2\local-maven-artifactory\org\springframework\boot\spring-boot\2.4.3\spring-boot-2.4.3.jar;C:\Users\FXXIP4H\.m2\local-maven-artifactory\org\springframework\spring-context\5.3.4\spring-context-5.3.4.jar;C:\Users\FXXIP4H\.m2\local-maven-artifactory\org\springframework\spring-aop\5.3.4\spring-aop-5.3.4.jar;C:\Users\FXXIP4H\.m2\local-maven-artifactory\org\springframework\spring-beans\5.3.4\spring-beans-5.3.4.jar;C:\Users\FXXIP4H\.m2\local-maven-artifactory\org\springframework\spring-expression\5.3.4\spring-expression-5.3.4.jar;C:\Users\FXXIP4H\.m2\local-maven-artifactory\org\springframework\boot\spring-boot-autoconfigure\2.4.3\spring-boot-autoconfigure-2.4.3.jar;C:\Users\FXXIP4H\.m2\local-maven-artifactory\org\springframework\boot\spring-boot-starter-logging\2.4.3\spring-boot-starter-logging-2.4.3.jar;C:\Users\FXXIP4H\.m2\local-maven-artifactory\ch\qos\logback\logback-classic\1.2.3\logback-classic-1.2.3.jar;C:\Users\FXXIP4H\.m2\local-maven-artifactory\ch\qos\logback\logback-core\1.2.3\logback-core-1.2.3.jar;C:\Users\FXXIP4H\.m2\local-maven-artifactory\org\apache\logging\log4j\log4j-to-slf4j\2.13.3\log4j-to-slf4j-2.13.3.jar;C:\Users\FXXIP4H\.m2\local-maven-artifactory\org\apache\logging\log4j\log4j-api\2.13.3\log4j-api-2.13.3.jar;C:\Users\FXXIP4H\.m2\local-maven-artifactory\org\slf4j\jul-to-slf4j\1.7.30\jul-to-slf4j-1.7.30.jar;C:\Users\FXXIP4H\.m2\local-maven-artifactory\jakarta\annotation\jakarta.annotation-api\1.3.5\jakarta.annotation-api-1.3.5.jar;C:\Users\FXXIP4H\.m2\local-maven-artifactory\org\springframework\spring-core\5.3.4\spring-core-5.3.4.jar;C:\Users\FXXIP4H\.m2\local-maven-artifactory\org\springframework\spring-jcl\5.3.4\spring-jcl-5.3.4.jar;C:\Users\FXXIP4H\.m2\local-maven-artifactory\org\yaml\snakeyaml\1.27\snakeyaml-1.27.jar;C:\Users\FXXIP4H\.m2\local-maven-artifactory\com\h2database\h2\1.4.200\h2-1.4.200.jar;C:\Users\FXXIP4H\.m2\local-maven-artifactory\org\projectlombok\lombok\1.18.18\lombok-1.18.18.jar;C:\Users\FXXIP4H\.m2\local-maven-artifactory\org\springframework\boot\spring-boot-starter-test\2.4.3\spring-boot-starter-test-2.4.3.jar;C:\Users\FXXIP4H\.m2\local-maven-artifactory\org\springframework\boot\spring-boot-test\2.4.3\spring-boot-test-2.4.3.jar;C:\Users\FXXIP4H\.m2\local-maven-artifactory\org\springframework\boot\spring-boot-test-autoconfigure\2.4.3\spring-boot-test-autoconfigure-2.4.3.jar;C:\Users\FXXIP4H\.m2\local-maven-artifactory\com\jayway\jsonpath\json-path\2.4.0\json-path-2.4.0.jar;C:\Users\FXXIP4H\.m2\local-maven-artifactory\net\minidev\json-smart\2.3\json-smart-2.3.jar;C:\Users\FXXIP4H\.m2\local-maven-artifactory\net\minidev\accessors-smart\1.2\accessors-smart-1.2.jar;C:\Users\FXXIP4H\.m2\local-maven-artifactory\org\ow2\asm\asm\5.0.4\asm-5.0.4.jar;C:\Users\FXXIP4H\.m2\local-maven-artifactory\org\slf4j\slf4j-api\1.7.30\slf4j-api-1.7.30.jar;C:\Users\FXXIP4H\.m2\local-maven-artifactory\jakarta\xml\bind\jakarta.xml.bind-api\2.3.3\jakarta.xml.bind-api-2.3.3.jar;C:\Users\FXXIP4H\.m2\local-maven-artifactory\jakarta\activation\jakarta.activation-api\1.2.2\jakarta.activation-api-1.2.2.jar;C:\Users\FXXIP4H\.m2\local-maven-artifactory\org\assertj\assertj-core\3.18.1\assertj-core-3.18.1.jar;C:\Users\FXXIP4H\.m2\local-maven-artifactory\org\hamcrest\hamcrest\2.2\hamcrest-2.2.jar;C:\Users\FXXIP4H\.m2\local-maven-artifactory\org\junit\jupiter\junit-jupiter\5.7.1\junit-jupiter-5.7.1.jar;C:\Users\FXXIP4H\.m2\local-maven-artifactory\org\junit\jupiter\junit-jupiter-api\5.7.1\junit-jupiter-api-5.7.1.jar;C:\Users\FXXIP4H\.m2\local-maven-artifactory\org\apiguardian\apiguardian-api\1.1.0\apiguardian-api-1.1.0.jar;C:\Users\FXXIP4H\.m2\local-maven-artifactory\org\opentest4j\opentest4j\1.2.0\opentest4j-1.2.0.jar;C:\Users\FXXIP4H\.m2\local-maven-artifactory\org\junit\platform\junit-platform-commons\1.7.1\junit-platform-commons-1.7.1.jar;C:\Users\FXXIP4H\.m2\local-maven-artifactory\org\junit\jupiter\junit-jupiter-params\5.7.1\junit-jupiter-params-5.7.1.jar;C:\Users\FXXIP4H\.m2\local-maven-artifactory\org\junit\jupiter\junit-jupiter-engine\5.7.1\junit-jupiter-engine-5.7.1.jar;C:\Users\FXXIP4H\.m2\local-maven-artifactory\org\junit\platform\junit-platform-engine\1.7.1\junit-platform-engine-1.7.1.jar;C:\Users\FXXIP4H\.m2\local-maven-artifactory\org\mockito\mockito-core\3.6.28\mockito-core-3.6.28.jar;C:\Users\FXXIP4H\.m2\local-maven-artifactory\net\bytebuddy\byte-buddy\1.10.20\byte-buddy-1.10.20.jar;C:\Users\FXXIP4H\.m2\local-maven-artifactory\net\bytebuddy\byte-buddy-agent\1.10.20\byte-buddy-agent-1.10.20.jar;C:\Users\FXXIP4H\.m2\local-maven-artifactory\org\objenesis\objenesis\3.1\objenesis-3.1.jar;C:\Users\FXXIP4H\.m2\local-maven-artifactory\org\mockito\mockito-junit-jupiter\3.6.28\mockito-junit-jupiter-3.6.28.jar;C:\Users\FXXIP4H\.m2\local-maven-artifactory\org\skyscreamer\jsonassert\1.5.0\jsonassert-1.5.0.jar;C:\Users\FXXIP4H\.m2\local-maven-artifactory\com\vaadin\external\google\android-json\0.0.20131108.vaadin1\android-json-0.0.20131108.vaadin1.jar;C:\Users\FXXIP4H\.m2\local-maven-artifactory\org\springframework\spring-test\5.3.4\spring-test-5.3.4.jar;C:\Users\FXXIP4H\.m2\local-maven-artifactory\org\xmlunit\xmlunit-core\2.7.0\xmlunit-core-2.7.0.jar;"/>
    <property name="java.vm.vendor" value="Oracle Corporation"/>
    <property name="sun.arch.data.model" value="64"/>
    <property name="user.variant" value=""/>
    <property name="java.vendor.url" value="http://java.oracle.com/"/>
    <property name="user.timezone" value="Europe/Berlin"/>
    <property name="java.vm.specification.version" value="1.8"/>
    <property name="os.name" value="Windows 10"/>
    <property name="user.country" value="DE"/>
    <property name="sun.java.launcher" value="SUN_STANDARD"/>
    <property name="sun.boot.library.path" value="C:\kpm\tools\jdk1.8.0_66\jre\bin"/>
    <property name="sun.java.command" value="C:\Users\FXXIP4H\AppData\Local\Temp\surefire4133174622082067096\surefirebooter8818249964567322991.jar C:\Users\FXXIP4H\AppData\Local\Temp\surefire4133174622082067096 2021-02-24T14-05-38_958-jvmRun1 surefire7122974455786356146tmp surefire_06421272931575485998tmp"/>
    <property name="surefire.test.class.path" value="C:\Users\FXXIP4H\OneDrive - Volkswagen AG\software development\IdeaProjects\item-management\target\test-classes;C:\Users\FXXIP4H\OneDrive - Volkswagen AG\software development\IdeaProjects\item-management\target\classes;C:\Users\FXXIP4H\.m2\local-maven-artifactory\org\springframework\boot\spring-boot-starter\2.4.3\spring-boot-starter-2.4.3.jar;C:\Users\FXXIP4H\.m2\local-maven-artifactory\org\springframework\boot\spring-boot\2.4.3\spring-boot-2.4.3.jar;C:\Users\FXXIP4H\.m2\local-maven-artifactory\org\springframework\spring-context\5.3.4\spring-context-5.3.4.jar;C:\Users\FXXIP4H\.m2\local-maven-artifactory\org\springframework\spring-aop\5.3.4\spring-aop-5.3.4.jar;C:\Users\FXXIP4H\.m2\local-maven-artifactory\org\springframework\spring-beans\5.3.4\spring-beans-5.3.4.jar;C:\Users\FXXIP4H\.m2\local-maven-artifactory\org\springframework\spring-expression\5.3.4\spring-expression-5.3.4.jar;C:\Users\FXXIP4H\.m2\local-maven-artifactory\org\springframework\boot\spring-boot-autoconfigure\2.4.3\spring-boot-autoconfigure-2.4.3.jar;C:\Users\FXXIP4H\.m2\local-maven-artifactory\org\springframework\boot\spring-boot-starter-logging\2.4.3\spring-boot-starter-logging-2.4.3.jar;C:\Users\FXXIP4H\.m2\local-maven-artifactory\ch\qos\logback\logback-classic\1.2.3\logback-classic-1.2.3.jar;C:\Users\FXXIP4H\.m2\local-maven-artifactory\ch\qos\logback\logback-core\1.2.3\logback-core-1.2.3.jar;C:\Users\FXXIP4H\.m2\local-maven-artifactory\org\apache\logging\log4j\log4j-to-slf4j\2.13.3\log4j-to-slf4j-2.13.3.jar;C:\Users\FXXIP4H\.m2\local-maven-artifactory\org\apache\logging\log4j\log4j-api\2.13.3\log4j-api-2.13.3.jar;C:\Users\FXXIP4H\.m2\local-maven-artifactory\org\slf4j\jul-to-slf4j\1.7.30\jul-to-slf4j-1.7.30.jar;C:\Users\FXXIP4H\.m2\local-maven-artifactory\jakarta\annotation\jakarta.annotation-api\1.3.5\jakarta.annotation-api-1.3.5.jar;C:\Users\FXXIP4H\.m2\local-maven-artifactory\org\springframework\spring-core\5.3.4\spring-core-5.3.4.jar;C:\Users\FXXIP4H\.m2\local-maven-artifactory\org\springframework\spring-jcl\5.3.4\spring-jcl-5.3.4.jar;C:\Users\FXXIP4H\.m2\local-maven-artifactory\org\yaml\snakeyaml\1.27\snakeyaml-1.27.jar;C:\Users\FXXIP4H\.m2\local-maven-artifactory\com\h2database\h2\1.4.200\h2-1.4.200.jar;C:\Users\FXXIP4H\.m2\local-maven-artifactory\org\projectlombok\lombok\1.18.18\lombok-1.18.18.jar;C:\Users\FXXIP4H\.m2\local-maven-artifactory\org\springframework\boot\spring-boot-starter-test\2.4.3\spring-boot-starter-test-2.4.3.jar;C:\Users\FXXIP4H\.m2\local-maven-artifactory\org\springframework\boot\spring-boot-test\2.4.3\spring-boot-test-2.4.3.jar;C:\Users\FXXIP4H\.m2\local-maven-artifactory\org\springframework\boot\spring-boot-test-autoconfigure\2.4.3\spring-boot-test-autoconfigure-2.4.3.jar;C:\Users\FXXIP4H\.m2\local-maven-artifactory\com\jayway\jsonpath\json-path\2.4.0\json-path-2.4.0.jar;C:\Users\FXXIP4H\.m2\local-maven-artifactory\net\minidev\json-smart\2.3\json-smart-2.3.jar;C:\Users\FXXIP4H\.m2\local-maven-artifactory\net\minidev\accessors-smart\1.2\accessors-smart-1.2.jar;C:\Users\FXXIP4H\.m2\local-maven-artifactory\org\ow2\asm\asm\5.0.4\asm-5.0.4.jar;C:\Users\FXXIP4H\.m2\local-maven-artifactory\org\slf4j\slf4j-api\1.7.30\slf4j-api-1.7.30.jar;C:\Users\FXXIP4H\.m2\local-maven-artifactory\jakarta\xml\bind\jakarta.xml.bind-api\2.3.3\jakarta.xml.bind-api-2.3.3.jar;C:\Users\FXXIP4H\.m2\local-maven-artifactory\jakarta\activation\jakarta.activation-api\1.2.2\jakarta.activation-api-1.2.2.jar;C:\Users\FXXIP4H\.m2\local-maven-artifactory\org\assertj\assertj-core\3.18.1\assertj-core-3.18.1.jar;C:\Users\FXXIP4H\.m2\local-maven-artifactory\org\hamcrest\hamcrest\2.2\hamcrest-2.2.jar;C:\Users\FXXIP4H\.m2\local-maven-artifactory\org\junit\jupiter\junit-jupiter\5.7.1\junit-jupiter-5.7.1.jar;C:\Users\FXXIP4H\.m2\local-maven-artifactory\org\junit\jupiter\junit-jupiter-api\5.7.1\junit-jupiter-api-5.7.1.jar;C:\Users\FXXIP4H\.m2\local-maven-artifactory\org\apiguardian\apiguardian-api\1.1.0\apiguardian-api-1.1.0.jar;C:\Users\FXXIP4H\.m2\local-maven-artifactory\org\opentest4j\opentest4j\1.2.0\opentest4j-1.2.0.jar;C:\Users\FXXIP4H\.m2\local-maven-artifactory\org\junit\platform\junit-platform-commons\1.7.1\junit-platform-commons-1.7.1.jar;C:\Users\FXXIP4H\.m2\local-maven-artifactory\org\junit\jupiter\junit-jupiter-params\5.7.1\junit-jupiter-params-5.7.1.jar;C:\Users\FXXIP4H\.m2\local-maven-artifactory\org\junit\jupiter\junit-jupiter-engine\5.7.1\junit-jupiter-engine-5.7.1.jar;C:\Users\FXXIP4H\.m2\local-maven-artifactory\org\junit\platform\junit-platform-engine\1.7.1\junit-platform-engine-1.7.1.jar;C:\Users\FXXIP4H\.m2\local-maven-artifactory\org\mockito\mockito-core\3.6.28\mockito-core-3.6.28.jar;C:\Users\FXXIP4H\.m2\local-maven-artifactory\net\bytebuddy\byte-buddy\1.10.20\byte-buddy-1.10.20.jar;C:\Users\FXXIP4H\.m2\local-maven-artifactory\net\bytebuddy\byte-buddy-agent\1.10.20\byte-buddy-agent-1.10.20.jar;C:\Users\FXXIP4H\.m2\local-maven-artifactory\org\objenesis\objenesis\3.1\objenesis-3.1.jar;C:\Users\FXXIP4H\.m2\local-maven-artifactory\org\mockito\mockito-junit-jupiter\3.6.28\mockito-junit-jupiter-3.6.28.jar;C:\Users\FXXIP4H\.m2\local-maven-artifactory\org\skyscreamer\jsonassert\1.5.0\jsonassert-1.5.0.jar;C:\Users\FXXIP4H\.m2\local-maven-artifactory\com\vaadin\external\google\android-json\0.0.20131108.vaadin1\android-json-0.0.20131108.vaadin1.jar;C:\Users\FXXIP4H\.m2\local-maven-artifactory\org\springframework\spring-test\5.3.4\spring-test-5.3.4.jar;C:\Users\FXXIP4H\.m2\local-maven-artifactory\org\xmlunit\xmlunit-core\2.7.0\xmlunit-core-2.7.0.jar;"/>
    <property name="sun.cpu.endian" value="little"/>
    <property name="user.home" value="C:\Users\FXXIP4H"/>
    <property name="user.language" value="de"/>
    <property name="java.specification.vendor" value="Oracle Corporation"/>
    <property name="java.home" value="C:\kpm\tools\jdk1.8.0_66\jre"/>
    <property name="basedir" value="C:\Users\FXXIP4H\OneDrive - Volkswagen AG\software development\IdeaProjects\item-management"/>
    <property name="file.separator" value="\"/>
    <property name="line.separator" value="&#10;"/>
    <property name="java.vm.specification.vendor" value="Oracle Corporation"/>
    <property name="java.specification.name" value="Java Platform API Specification"/>
    <property name="java.awt.graphicsenv" value="sun.awt.Win32GraphicsEnvironment"/>
    <property name="surefire.real.class.path" value="C:\Users\FXXIP4H\AppData\Local\Temp\surefire4133174622082067096\surefirebooter8818249964567322991.jar"/>
    <property name="sun.boot.class.path" value="C:\kpm\tools\jdk1.8.0_66\jre\lib\resources.jar;C:\kpm\tools\jdk1.8.0_66\jre\lib\rt.jar;C:\kpm\tools\jdk1.8.0_66\jre\lib\sunrsasign.jar;C:\kpm\tools\jdk1.8.0_66\jre\lib\jsse.jar;C:\kpm\tools\jdk1.8.0_66\jre\lib\jce.jar;C:\kpm\tools\jdk1.8.0_66\jre\lib\charsets.jar;C:\kpm\tools\jdk1.8.0_66\jre\lib\jfr.jar;C:\kpm\tools\jdk1.8.0_66\jre\classes"/>
    <property name="user.script" value=""/>
    <property name="sun.management.compiler" value="HotSpot 64-Bit Tiered Compilers"/>
    <property name="java.runtime.version" value="1.8.0_66-b17"/>
    <property name="user.name" value="FXXIP4H"/>
    <property name="path.separator" value=";"/>
    <property name="os.version" value="10.0"/>
    <property name="java.endorsed.dirs" value="C:\kpm\tools\jdk1.8.0_66\jre\lib\endorsed"/>
    <property name="java.runtime.name" value="Java(TM) SE Runtime Environment"/>
    <property name="file.encoding" value="Cp1252"/>
    <property name="java.vm.name" value="Java HotSpot(TM) 64-Bit Server VM"/>
    <property name="localRepository" value="C:\Users\FXXIP4H\.m2\local-maven-artifactory"/>
    <property name="java.vendor.url.bug" value="http://bugreport.sun.com/bugreport/"/>
    <property name="java.io.tmpdir" value="C:\Users\FXXIP4H\AppData\Local\Temp\"/>
    <property name="java.version" value="1.8.0_66"/>
    <property name="user.dir" value="C:\Users\FXXIP4H\OneDrive - Volkswagen AG\software development\IdeaProjects\item-management"/>
    <property name="os.arch" value="amd64"/>
    <property name="java.vm.specification.name" value="Java Virtual Machine Specification"/>
    <property name="java.awt.printerjob" value="sun.awt.windows.WPrinterJob"/>
    <property name="sun.os.patch.level" value=""/>
    <property name="java.library.path" value="C:\kpm\tools\jdk1.8.0_66\jre\bin;C:\WINDOWS\Sun\Java\bin;C:\WINDOWS\system32;C:\WINDOWS;C:\Program Files (x86)\Common Files\Oracle\Java\javapath;C:\WINDOWS\system32;C:\WINDOWS;C:\WINDOWS\System32\Wbem;C:\WINDOWS\System32\WindowsPowerShell\v1.0\;C:\WINDOWS\System32\OpenSSH\;C:\Program Files\Git\cmd;C:\Program Files\Git LFS;C:\Program Files\TortoiseGit\bin;C:\Program Files\PuTTY\;C:\Users\FXXIP4H\AppData\Local\Microsoft\WindowsApps;C:\kpm\tools\apache-maven-3.5.3\bin;C:\kpm\tools\jdk1.8.0_66\bin;C:\Users\FXXIP4H\AppData\Local\JetBrains\IntelliJ IDEA 2019.3.5\bin;;C:\Users\FXXIP4H\Desktop\Prüfung\mongodb-win32-x86_64-windows-4.4.3\bin;C:\Users\FXXIP4H\OneDrive - Volkswagen AG\Programme portable\Gradle\gradle-6.8.1\bin;;."/>
    <property name="java.vm.info" value="mixed mode"/>
    <property name="java.vendor" value="Oracle Corporation"/>
    <property name="java.vm.version" value="25.66-b17"/>
    <property name="java.ext.dirs" value="C:\kpm\tools\jdk1.8.0_66\jre\lib\ext;C:\WINDOWS\Sun\Java\lib\ext"/>
    <property name="sun.io.unicode.encoding" value="UnicodeLittle"/>
    <property name="java.class.version" value="52.0"/>
  </properties>
  <testcase name="contextLoads" classname="de.towers_web.itemmanagement.ItemManagementApplicationTests" time="0.001"/>
</testsuite>